Build started 30-08-2019 11:29:38.
     1>Project "C:\Users\shushanto\documents\visual studio 2010\Projects\final\final\final.vcxproj" on node 2 (build target(s)).
     1>InitializeBuildStatus:
         Creating "Debug\final.unsuccessfulbuild" because "AlwaysCreate" was specified.
       ClCompile:
         C:\Program Files (x86)\Microsoft Visual Studio 10.0\VC\bin\CL.exe /c /ZI /nologo /W3 /WX- /Od /Oy- /D WIN32 /D _WINDOWS /D _DEBUG /D _UNICODE /D UNICODE /Gm /EHsc /RTC1 /MTd /GS /fp:precise /Zc:wchar_t /Zc:forScope /Yc"StdAfx.h" /Fp"Debug\final.pch" /Fo"Debug\\" /Fd"Debug\vc100.pdb" /Gd /TP /analyze- /errorReport:prompt stdafx.cpp
         stdafx.cpp
         C:\Program Files (x86)\Microsoft Visual Studio 10.0\VC\bin\CL.exe /c /ZI /nologo /W3 /WX- /Od /Oy- /D WIN32 /D _WINDOWS /D _DEBUG /D _UNICODE /D UNICODE /Gm /EHsc /RTC1 /MTd /GS /fp:precise /Zc:wchar_t /Zc:forScope /Yu"StdAfx.h" /Fp"Debug\final.pch" /Fo"Debug\\" /Fd"Debug\vc100.pdb" /Gd /TP /analyze- /errorReport:prompt Inventory.cpp MainDlg.cpp Mod_MDlg.cpp NewSes.cpp NewView.cpp View_MNew.cpp add_mDlg.cpp final.cpp finalDlg.cpp rem_mDlg.cpp
         rem_mDlg.cpp
     1>c:\users\shushanto\documents\visual studio 2010\projects\final\final\add.h(54): warning C4996: 'strcpy': This function or variable may be unsafe. Consider using strcpy_s instead. To disable deprecation, use _CRT_SECURE_NO_WARNINGS. See online help for details.
                 c:\program files (x86)\microsoft visual studio 10.0\vc\include\string.h(105) : see declaration of 'strcpy'
     1>c:\users\shushanto\documents\visual studio 2010\projects\final\final\add.h(55): warning C4996: 'strcat': This function or variable may be unsafe. Consider using strcat_s instead. To disable deprecation, use _CRT_SECURE_NO_WARNINGS. See online help for details.
                 c:\program files (x86)\microsoft visual studio 10.0\vc\include\string.h(110) : see declaration of 'strcat'
     1>c:\users\shushanto\documents\visual studio 2010\projects\final\final\add.h(56): warning C4996: 'strcat': This function or variable may be unsafe. Consider using strcat_s instead. To disable deprecation, use _CRT_SECURE_NO_WARNINGS. See online help for details.
                 c:\program files (x86)\microsoft visual studio 10.0\vc\include\string.h(110) : see declaration of 'strcat'
     1>c:\users\shushanto\documents\visual studio 2010\projects\final\final\add.h(57): warning C4996: 'strcat': This function or variable may be unsafe. Consider using strcat_s instead. To disable deprecation, use _CRT_SECURE_NO_WARNINGS. See online help for details.
                 c:\program files (x86)\microsoft visual studio 10.0\vc\include\string.h(110) : see declaration of 'strcat'
     1>c:\users\shushanto\documents\visual studio 2010\projects\final\final\add.h(58): warning C4996: 'strcat': This function or variable may be unsafe. Consider using strcat_s instead. To disable deprecation, use _CRT_SECURE_NO_WARNINGS. See online help for details.
                 c:\program files (x86)\microsoft visual studio 10.0\vc\include\string.h(110) : see declaration of 'strcat'
     1>c:\users\shushanto\documents\visual studio 2010\projects\final\final\add.h(59): warning C4996: 'strcat': This function or variable may be unsafe. Consider using strcat_s instead. To disable deprecation, use _CRT_SECURE_NO_WARNINGS. See online help for details.
                 c:\program files (x86)\microsoft visual studio 10.0\vc\include\string.h(110) : see declaration of 'strcat'
     1>c:\users\shushanto\documents\visual studio 2010\projects\final\final\add.h(60): warning C4996: 'strcat': This function or variable may be unsafe. Consider using strcat_s instead. To disable deprecation, use _CRT_SECURE_NO_WARNINGS. See online help for details.
                 c:\program files (x86)\microsoft visual studio 10.0\vc\include\string.h(110) : see declaration of 'strcat'
     1>c:\users\shushanto\documents\visual studio 2010\projects\final\final\add.h(61): warning C4996: 'strcat': This function or variable may be unsafe. Consider using strcat_s instead. To disable deprecation, use _CRT_SECURE_NO_WARNINGS. See online help for details.
                 c:\program files (x86)\microsoft visual studio 10.0\vc\include\string.h(110) : see declaration of 'strcat'
     1>c:\users\shushanto\documents\visual studio 2010\projects\final\final\add.h(119): warning C4244: '=' : conversion from 'double' to 'float', possible loss of data
     1>c:\users\shushanto\documents\visual studio 2010\projects\final\final\add.h(120): warning C4244: '=' : conversion from 'double' to 'float', possible loss of data
     1>c:\users\shushanto\documents\visual studio 2010\projects\final\final\add.h(121): warning C4244: '=' : conversion from 'double' to 'float', possible loss of data
     1>c:\users\shushanto\documents\visual studio 2010\projects\final\final\add.h(125): warning C4996: 'gcvt': The POSIX name for this item is deprecated. Instead, use the ISO C++ conformant name: _gcvt. See online help for details.
                 c:\program files (x86)\microsoft visual studio 10.0\vc\include\stdlib.h(866) : see declaration of 'gcvt'
     1>c:\users\shushanto\documents\visual studio 2010\projects\final\final\add.h(86): warning C4101: 'key' : unreferenced local variable
     1>c:\users\shushanto\documents\visual studio 2010\projects\final\final\add.h(87): warning C4101: 'sadd' : unreferenced local variable
     1>c:\users\shushanto\documents\visual studio 2010\projects\final\final\add.h(177): warning C4996: 'strcpy': This function or variable may be unsafe. Consider using strcpy_s instead. To disable deprecation, use _CRT_SECURE_NO_WARNINGS. See online help for details.
                 c:\program files (x86)\microsoft visual studio 10.0\vc\include\string.h(105) : see declaration of 'strcpy'
     1>c:\users\shushanto\documents\visual studio 2010\projects\final\final\add.h(154): warning C4101: 'count' : unreferenced local variable
     1>c:\users\shushanto\documents\visual studio 2010\projects\final\final\add.h(154): warning C4101: 'price' : unreferenced local variable
     1>c:\users\shushanto\documents\visual studio 2010\projects\final\final\add.h(154): warning C4101: 'key' : unreferenced local variable
     1>c:\users\shushanto\documents\visual studio 2010\projects\final\final\add.h(154): warning C4101: 'seg' : unreferenced local variable
     1>c:\users\shushanto\documents\visual studio 2010\projects\final\final\add.h(154): warning C4101: 'name' : unreferenced local variable
     1>c:\users\shushanto\documents\visual studio 2010\projects\final\final\add.h(154): warning C4101: 'ItemNo' : unreferenced local variable
     1>c:\users\shushanto\documents\visual studio 2010\projects\final\final\add.h(222): warning C4244: '=' : conversion from 'int' to 'float', possible loss of data
     1>c:\users\shushanto\documents\visual studio 2010\projects\final\final\add.h(224): warning C4244: 'argument' : conversion from 'float' to 'int', possible loss of data
     1>c:\users\shushanto\documents\visual studio 2010\projects\final\final\add.h(224): warning C4996: 'itoa': The POSIX name for this item is deprecated. Instead, use the ISO C++ conformant name: _itoa. See online help for details.
                 c:\program files (x86)\microsoft visual studio 10.0\vc\include\stdlib.h(867) : see declaration of 'itoa'
     1>c:\users\shushanto\documents\visual studio 2010\projects\final\final\add.h(271): warning C4996: 'strcpy': This function or variable may be unsafe. Consider using strcpy_s instead. To disable deprecation, use _CRT_SECURE_NO_WARNINGS. See online help for details.
                 c:\program files (x86)\microsoft visual studio 10.0\vc\include\string.h(105) : see declaration of 'strcpy'
     1>c:\users\shushanto\documents\visual studio 2010\projects\final\final\add.h(272): warning C4996: 'strcpy': This function or variable may be unsafe. Consider using strcpy_s instead. To disable deprecation, use _CRT_SECURE_NO_WARNINGS. See online help for details.
                 c:\program files (x86)\microsoft visual studio 10.0\vc\include\string.h(105) : see declaration of 'strcpy'
     1>c:\users\shushanto\documents\visual studio 2010\projects\final\final\add.h(320): warning C4996: 'strcpy': This function or variable may be unsafe. Consider using strcpy_s instead. To disable deprecation, use _CRT_SECURE_NO_WARNINGS. See online help for details.
                 c:\program files (x86)\microsoft visual studio 10.0\vc\include\string.h(105) : see declaration of 'strcpy'
     1>c:\users\shushanto\documents\visual studio 2010\projects\final\final\add.h(321): warning C4996: 'strcpy': This function or variable may be unsafe. Consider using strcpy_s instead. To disable deprecation, use _CRT_SECURE_NO_WARNINGS. See online help for details.
                 c:\program files (x86)\microsoft visual studio 10.0\vc\include\string.h(105) : see declaration of 'strcpy'
     1>c:\users\shushanto\documents\visual studio 2010\projects\final\final\rem_mdlg.cpp(52): warning C4996: 'strcpy': This function or variable may be unsafe. Consider using strcpy_s instead. To disable deprecation, use _CRT_SECURE_NO_WARNINGS. See online help for details.
                 c:\program files (x86)\microsoft visual studio 10.0\vc\include\string.h(105) : see declaration of 'strcpy'
         add_mDlg.cpp
     1>c:\users\shushanto\documents\visual studio 2010\projects\final\final\add.h(54): warning C4996: 'strcpy': This function or variable may be unsafe. Consider using strcpy_s instead. To disable deprecation, use _CRT_SECURE_NO_WARNINGS. See online help for details.
                 c:\program files (x86)\microsoft visual studio 10.0\vc\include\string.h(105) : see declaration of 'strcpy'
     1>c:\users\shushanto\documents\visual studio 2010\projects\final\final\add.h(55): warning C4996: 'strcat': This function or variable may be unsafe. Consider using strcat_s instead. To disable deprecation, use _CRT_SECURE_NO_WARNINGS. See online help for details.
                 c:\program files (x86)\microsoft visual studio 10.0\vc\include\string.h(110) : see declaration of 'strcat'
     1>c:\users\shushanto\documents\visual studio 2010\projects\final\final\add.h(56): warning C4996: 'strcat': This function or variable may be unsafe. Consider using strcat_s instead. To disable deprecation, use _CRT_SECURE_NO_WARNINGS. See online help for details.
                 c:\program files (x86)\microsoft visual studio 10.0\vc\include\string.h(110) : see declaration of 'strcat'
     1>c:\users\shushanto\documents\visual studio 2010\projects\final\final\add.h(57): warning C4996: 'strcat': This function or variable may be unsafe. Consider using strcat_s instead. To disable deprecation, use _CRT_SECURE_NO_WARNINGS. See online help for details.
                 c:\program files (x86)\microsoft visual studio 10.0\vc\include\string.h(110) : see declaration of 'strcat'
     1>c:\users\shushanto\documents\visual studio 2010\projects\final\final\add.h(58): warning C4996: 'strcat': This function or variable may be unsafe. Consider using strcat_s instead. To disable deprecation, use _CRT_SECURE_NO_WARNINGS. See online help for details.
                 c:\program files (x86)\microsoft visual studio 10.0\vc\include\string.h(110) : see declaration of 'strcat'
     1>c:\users\shushanto\documents\visual studio 2010\projects\final\final\add.h(59): warning C4996: 'strcat': This function or variable may be unsafe. Consider using strcat_s instead. To disable deprecation, use _CRT_SECURE_NO_WARNINGS. See online help for details.
                 c:\program files (x86)\microsoft visual studio 10.0\vc\include\string.h(110) : see declaration of 'strcat'
     1>c:\users\shushanto\documents\visual studio 2010\projects\final\final\add.h(60): warning C4996: 'strcat': This function or variable may be unsafe. Consider using strcat_s instead. To disable deprecation, use _CRT_SECURE_NO_WARNINGS. See online help for details.
                 c:\program files (x86)\microsoft visual studio 10.0\vc\include\string.h(110) : see declaration of 'strcat'
     1>c:\users\shushanto\documents\visual studio 2010\projects\final\final\add.h(61): warning C4996: 'strcat': This function or variable may be unsafe. Consider using strcat_s instead. To disable deprecation, use _CRT_SECURE_NO_WARNINGS. See online help for details.
                 c:\program files (x86)\microsoft visual studio 10.0\vc\include\string.h(110) : see declaration of 'strcat'
     1>c:\users\shushanto\documents\visual studio 2010\projects\final\final\add.h(119): warning C4244: '=' : conversion from 'double' to 'float', possible loss of data
     1>c:\users\shushanto\documents\visual studio 2010\projects\final\final\add.h(120): warning C4244: '=' : conversion from 'double' to 'float', possible loss of data
     1>c:\users\shushanto\documents\visual studio 2010\projects\final\final\add.h(121): warning C4244: '=' : conversion from 'double' to 'float', possible loss of data
     1>c:\users\shushanto\documents\visual studio 2010\projects\final\final\add.h(125): warning C4996: 'gcvt': The POSIX name for this item is deprecated. Instead, use the ISO C++ conformant name: _gcvt. See online help for details.
                 c:\program files (x86)\microsoft visual studio 10.0\vc\include\stdlib.h(866) : see declaration of 'gcvt'
     1>c:\users\shushanto\documents\visual studio 2010\projects\final\final\add.h(86): warning C4101: 'key' : unreferenced local variable
     1>c:\users\shushanto\documents\visual studio 2010\projects\final\final\add.h(87): warning C4101: 'sadd' : unreferenced local variable
     1>c:\users\shushanto\documents\visual studio 2010\projects\final\final\add.h(177): warning C4996: 'strcpy': This function or variable may be unsafe. Consider using strcpy_s instead. To disable deprecation, use _CRT_SECURE_NO_WARNINGS. See online help for details.
                 c:\program files (x86)\microsoft visual studio 10.0\vc\include\string.h(105) : see declaration of 'strcpy'
     1>c:\users\shushanto\documents\visual studio 2010\projects\final\final\add.h(154): warning C4101: 'count' : unreferenced local variable
     1>c:\users\shushanto\documents\visual studio 2010\projects\final\final\add.h(154): warning C4101: 'price' : unreferenced local variable
     1>c:\users\shushanto\documents\visual studio 2010\projects\final\final\add.h(154): warning C4101: 'key' : unreferenced local variable
     1>c:\users\shushanto\documents\visual studio 2010\projects\final\final\add.h(154): warning C4101: 'seg' : unreferenced local variable
     1>c:\users\shushanto\documents\visual studio 2010\projects\final\final\add.h(154): warning C4101: 'name' : unreferenced local variable
     1>c:\users\shushanto\documents\visual studio 2010\projects\final\final\add.h(154): warning C4101: 'ItemNo' : unreferenced local variable
     1>c:\users\shushanto\documents\visual studio 2010\projects\final\final\add.h(222): warning C4244: '=' : conversion from 'int' to 'float', possible loss of data
     1>c:\users\shushanto\documents\visual studio 2010\projects\final\final\add.h(224): warning C4244: 'argument' : conversion from 'float' to 'int', possible loss of data
     1>c:\users\shushanto\documents\visual studio 2010\projects\final\final\add.h(224): warning C4996: 'itoa': The POSIX name for this item is deprecated. Instead, use the ISO C++ conformant name: _itoa. See online help for details.
                 c:\program files (x86)\microsoft visual studio 10.0\vc\include\stdlib.h(867) : see declaration of 'itoa'
     1>c:\users\shushanto\documents\visual studio 2010\projects\final\final\add.h(271): warning C4996: 'strcpy': This function or variable may be unsafe. Consider using strcpy_s instead. To disable deprecation, use _CRT_SECURE_NO_WARNINGS. See online help for details.
                 c:\program files (x86)\microsoft visual studio 10.0\vc\include\string.h(105) : see declaration of 'strcpy'
     1>c:\users\shushanto\documents\visual studio 2010\projects\final\final\add.h(272): warning C4996: 'strcpy': This function or variable may be unsafe. Consider using strcpy_s instead. To disable deprecation, use _CRT_SECURE_NO_WARNINGS. See online help for details.
                 c:\program files (x86)\microsoft visual studio 10.0\vc\include\string.h(105) : see declaration of 'strcpy'
     1>c:\users\shushanto\documents\visual studio 2010\projects\final\final\add.h(320): warning C4996: 'strcpy': This function or variable may be unsafe. Consider using strcpy_s instead. To disable deprecation, use _CRT_SECURE_NO_WARNINGS. See online help for details.
                 c:\program files (x86)\microsoft visual studio 10.0\vc\include\string.h(105) : see declaration of 'strcpy'
     1>c:\users\shushanto\documents\visual studio 2010\projects\final\final\add.h(321): warning C4996: 'strcpy': This function or variable may be unsafe. Consider using strcpy_s instead. To disable deprecation, use _CRT_SECURE_NO_WARNINGS. See online help for details.
                 c:\program files (x86)\microsoft visual studio 10.0\vc\include\string.h(105) : see declaration of 'strcpy'
     1>c:\users\shushanto\documents\visual studio 2010\projects\final\final\add_mdlg.cpp(79): warning C4996: 'strcpy': This function or variable may be unsafe. Consider using strcpy_s instead. To disable deprecation, use _CRT_SECURE_NO_WARNINGS. See online help for details.
                 c:\program files (x86)\microsoft visual studio 10.0\vc\include\string.h(105) : see declaration of 'strcpy'
     1>c:\users\shushanto\documents\visual studio 2010\projects\final\final\add_mdlg.cpp(80): warning C4996: 'strcpy': This function or variable may be unsafe. Consider using strcpy_s instead. To disable deprecation, use _CRT_SECURE_NO_WARNINGS. See online help for details.
                 c:\program files (x86)\microsoft visual studio 10.0\vc\include\string.h(105) : see declaration of 'strcpy'
     1>c:\users\shushanto\documents\visual studio 2010\projects\final\final\add_mdlg.cpp(81): warning C4996: 'strcpy': This function or variable may be unsafe. Consider using strcpy_s instead. To disable deprecation, use _CRT_SECURE_NO_WARNINGS. See online help for details.
                 c:\program files (x86)\microsoft visual studio 10.0\vc\include\string.h(105) : see declaration of 'strcpy'
     1>c:\users\shushanto\documents\visual studio 2010\projects\final\final\add_mdlg.cpp(82): warning C4996: 'strcpy': This function or variable may be unsafe. Consider using strcpy_s instead. To disable deprecation, use _CRT_SECURE_NO_WARNINGS. See online help for details.
                 c:\program files (x86)\microsoft visual studio 10.0\vc\include\string.h(105) : see declaration of 'strcpy'
         NewSes.cpp
     1>c:\users\shushanto\documents\visual studio 2010\projects\final\final\add.h(54): warning C4996: 'strcpy': This function or variable may be unsafe. Consider using strcpy_s instead. To disable deprecation, use _CRT_SECURE_NO_WARNINGS. See online help for details.
                 c:\program files (x86)\microsoft visual studio 10.0\vc\include\string.h(105) : see declaration of 'strcpy'
     1>c:\users\shushanto\documents\visual studio 2010\projects\final\final\add.h(55): warning C4996: 'strcat': This function or variable may be unsafe. Consider using strcat_s instead. To disable deprecation, use _CRT_SECURE_NO_WARNINGS. See online help for details.
                 c:\program files (x86)\microsoft visual studio 10.0\vc\include\string.h(110) : see declaration of 'strcat'
     1>c:\users\shushanto\documents\visual studio 2010\projects\final\final\add.h(56): warning C4996: 'strcat': This function or variable may be unsafe. Consider using strcat_s instead. To disable deprecation, use _CRT_SECURE_NO_WARNINGS. See online help for details.
                 c:\program files (x86)\microsoft visual studio 10.0\vc\include\string.h(110) : see declaration of 'strcat'
     1>c:\users\shushanto\documents\visual studio 2010\projects\final\final\add.h(57): warning C4996: 'strcat': This function or variable may be unsafe. Consider using strcat_s instead. To disable deprecation, use _CRT_SECURE_NO_WARNINGS. See online help for details.
                 c:\program files (x86)\microsoft visual studio 10.0\vc\include\string.h(110) : see declaration of 'strcat'
     1>c:\users\shushanto\documents\visual studio 2010\projects\final\final\add.h(58): warning C4996: 'strcat': This function or variable may be unsafe. Consider using strcat_s instead. To disable deprecation, use _CRT_SECURE_NO_WARNINGS. See online help for details.
                 c:\program files (x86)\microsoft visual studio 10.0\vc\include\string.h(110) : see declaration of 'strcat'
     1>c:\users\shushanto\documents\visual studio 2010\projects\final\final\add.h(59): warning C4996: 'strcat': This function or variable may be unsafe. Consider using strcat_s instead. To disable deprecation, use _CRT_SECURE_NO_WARNINGS. See online help for details.
                 c:\program files (x86)\microsoft visual studio 10.0\vc\include\string.h(110) : see declaration of 'strcat'
     1>c:\users\shushanto\documents\visual studio 2010\projects\final\final\add.h(60): warning C4996: 'strcat': This function or variable may be unsafe. Consider using strcat_s instead. To disable deprecation, use _CRT_SECURE_NO_WARNINGS. See online help for details.
                 c:\program files (x86)\microsoft visual studio 10.0\vc\include\string.h(110) : see declaration of 'strcat'
     1>c:\users\shushanto\documents\visual studio 2010\projects\final\final\add.h(61): warning C4996: 'strcat': This function or variable may be unsafe. Consider using strcat_s instead. To disable deprecation, use _CRT_SECURE_NO_WARNINGS. See online help for details.
                 c:\program files (x86)\microsoft visual studio 10.0\vc\include\string.h(110) : see declaration of 'strcat'
     1>c:\users\shushanto\documents\visual studio 2010\projects\final\final\add.h(119): warning C4244: '=' : conversion from 'double' to 'float', possible loss of data
     1>c:\users\shushanto\documents\visual studio 2010\projects\final\final\add.h(120): warning C4244: '=' : conversion from 'double' to 'float', possible loss of data
     1>c:\users\shushanto\documents\visual studio 2010\projects\final\final\add.h(121): warning C4244: '=' : conversion from 'double' to 'float', possible loss of data
     1>c:\users\shushanto\documents\visual studio 2010\projects\final\final\add.h(125): warning C4996: 'gcvt': The POSIX name for this item is deprecated. Instead, use the ISO C++ conformant name: _gcvt. See online help for details.
                 c:\program files (x86)\microsoft visual studio 10.0\vc\include\stdlib.h(866) : see declaration of 'gcvt'
     1>c:\users\shushanto\documents\visual studio 2010\projects\final\final\add.h(86): warning C4101: 'key' : unreferenced local variable
     1>c:\users\shushanto\documents\visual studio 2010\projects\final\final\add.h(87): warning C4101: 'sadd' : unreferenced local variable
     1>c:\users\shushanto\documents\visual studio 2010\projects\final\final\add.h(177): warning C4996: 'strcpy': This function or variable may be unsafe. Consider using strcpy_s instead. To disable deprecation, use _CRT_SECURE_NO_WARNINGS. See online help for details.
                 c:\program files (x86)\microsoft visual studio 10.0\vc\include\string.h(105) : see declaration of 'strcpy'
     1>c:\users\shushanto\documents\visual studio 2010\projects\final\final\add.h(154): warning C4101: 'count' : unreferenced local variable
     1>c:\users\shushanto\documents\visual studio 2010\projects\final\final\add.h(154): warning C4101: 'price' : unreferenced local variable
     1>c:\users\shushanto\documents\visual studio 2010\projects\final\final\add.h(154): warning C4101: 'key' : unreferenced local variable
     1>c:\users\shushanto\documents\visual studio 2010\projects\final\final\add.h(154): warning C4101: 'seg' : unreferenced local variable
     1>c:\users\shushanto\documents\visual studio 2010\projects\final\final\add.h(154): warning C4101: 'name' : unreferenced local variable
     1>c:\users\shushanto\documents\visual studio 2010\projects\final\final\add.h(154): warning C4101: 'ItemNo' : unreferenced local variable
     1>c:\users\shushanto\documents\visual studio 2010\projects\final\final\add.h(222): warning C4244: '=' : conversion from 'int' to 'float', possible loss of data
     1>c:\users\shushanto\documents\visual studio 2010\projects\final\final\add.h(224): warning C4244: 'argument' : conversion from 'float' to 'int', possible loss of data
     1>c:\users\shushanto\documents\visual studio 2010\projects\final\final\add.h(224): warning C4996: 'itoa': The POSIX name for this item is deprecated. Instead, use the ISO C++ conformant name: _itoa. See online help for details.
                 c:\program files (x86)\microsoft visual studio 10.0\vc\include\stdlib.h(867) : see declaration of 'itoa'
     1>c:\users\shushanto\documents\visual studio 2010\projects\final\final\add.h(271): warning C4996: 'strcpy': This function or variable may be unsafe. Consider using strcpy_s instead. To disable deprecation, use _CRT_SECURE_NO_WARNINGS. See online help for details.
                 c:\program files (x86)\microsoft visual studio 10.0\vc\include\string.h(105) : see declaration of 'strcpy'
     1>c:\users\shushanto\documents\visual studio 2010\projects\final\final\add.h(272): warning C4996: 'strcpy': This function or variable may be unsafe. Consider using strcpy_s instead. To disable deprecation, use _CRT_SECURE_NO_WARNINGS. See online help for details.
                 c:\program files (x86)\microsoft visual studio 10.0\vc\include\string.h(105) : see declaration of 'strcpy'
     1>c:\users\shushanto\documents\visual studio 2010\projects\final\final\add.h(320): warning C4996: 'strcpy': This function or variable may be unsafe. Consider using strcpy_s instead. To disable deprecation, use _CRT_SECURE_NO_WARNINGS. See online help for details.
                 c:\program files (x86)\microsoft visual studio 10.0\vc\include\string.h(105) : see declaration of 'strcpy'
     1>c:\users\shushanto\documents\visual studio 2010\projects\final\final\add.h(321): warning C4996: 'strcpy': This function or variable may be unsafe. Consider using strcpy_s instead. To disable deprecation, use _CRT_SECURE_NO_WARNINGS. See online help for details.
                 c:\program files (x86)\microsoft visual studio 10.0\vc\include\string.h(105) : see declaration of 'strcpy'
     1>c:\users\shushanto\documents\visual studio 2010\projects\final\final\newses.cpp(76): warning C4996: 'strcpy': This function or variable may be unsafe. Consider using strcpy_s instead. To disable deprecation, use _CRT_SECURE_NO_WARNINGS. See online help for details.
                 c:\program files (x86)\microsoft visual studio 10.0\vc\include\string.h(105) : see declaration of 'strcpy'
     1>c:\users\shushanto\documents\visual studio 2010\projects\final\final\newses.cpp(119): warning C4996: 'strcpy': This function or variable may be unsafe. Consider using strcpy_s instead. To disable deprecation, use _CRT_SECURE_NO_WARNINGS. See online help for details.
                 c:\program files (x86)\microsoft visual studio 10.0\vc\include\string.h(105) : see declaration of 'strcpy'
     1>c:\users\shushanto\documents\visual studio 2010\projects\final\final\newses.cpp(120): warning C4996: 'strcpy': This function or variable may be unsafe. Consider using strcpy_s instead. To disable deprecation, use _CRT_SECURE_NO_WARNINGS. See online help for details.
                 c:\program files (x86)\microsoft visual studio 10.0\vc\include\string.h(105) : see declaration of 'strcpy'
     1>c:\users\shushanto\documents\visual studio 2010\projects\final\final\newses.cpp(121): warning C4996: 'strcpy': This function or variable may be unsafe. Consider using strcpy_s instead. To disable deprecation, use _CRT_SECURE_NO_WARNINGS. See online help for details.
                 c:\program files (x86)\microsoft visual studio 10.0\vc\include\string.h(105) : see declaration of 'strcpy'
     1>c:\users\shushanto\documents\visual studio 2010\projects\final\final\newses.cpp(122): warning C4996: 'strcpy': This function or variable may be unsafe. Consider using strcpy_s instead. To disable deprecation, use _CRT_SECURE_NO_WARNINGS. See online help for details.
                 c:\program files (x86)\microsoft visual studio 10.0\vc\include\string.h(105) : see declaration of 'strcpy'
         Mod_MDlg.cpp
     1>c:\users\shushanto\documents\visual studio 2010\projects\final\final\add.h(54): warning C4996: 'strcpy': This function or variable may be unsafe. Consider using strcpy_s instead. To disable deprecation, use _CRT_SECURE_NO_WARNINGS. See online help for details.
                 c:\program files (x86)\microsoft visual studio 10.0\vc\include\string.h(105) : see declaration of 'strcpy'
     1>c:\users\shushanto\documents\visual studio 2010\projects\final\final\add.h(55): warning C4996: 'strcat': This function or variable may be unsafe. Consider using strcat_s instead. To disable deprecation, use _CRT_SECURE_NO_WARNINGS. See online help for details.
                 c:\program files (x86)\microsoft visual studio 10.0\vc\include\string.h(110) : see declaration of 'strcat'
     1>c:\users\shushanto\documents\visual studio 2010\projects\final\final\add.h(56): warning C4996: 'strcat': This function or variable may be unsafe. Consider using strcat_s instead. To disable deprecation, use _CRT_SECURE_NO_WARNINGS. See online help for details.
                 c:\program files (x86)\microsoft visual studio 10.0\vc\include\string.h(110) : see declaration of 'strcat'
     1>c:\users\shushanto\documents\visual studio 2010\projects\final\final\add.h(57): warning C4996: 'strcat': This function or variable may be unsafe. Consider using strcat_s instead. To disable deprecation, use _CRT_SECURE_NO_WARNINGS. See online help for details.
                 c:\program files (x86)\microsoft visual studio 10.0\vc\include\string.h(110) : see declaration of 'strcat'
     1>c:\users\shushanto\documents\visual studio 2010\projects\final\final\add.h(58): warning C4996: 'strcat': This function or variable may be unsafe. Consider using strcat_s instead. To disable deprecation, use _CRT_SECURE_NO_WARNINGS. See online help for details.
                 c:\program files (x86)\microsoft visual studio 10.0\vc\include\string.h(110) : see declaration of 'strcat'
     1>c:\users\shushanto\documents\visual studio 2010\projects\final\final\add.h(59): warning C4996: 'strcat': This function or variable may be unsafe. Consider using strcat_s instead. To disable deprecation, use _CRT_SECURE_NO_WARNINGS. See online help for details.
                 c:\program files (x86)\microsoft visual studio 10.0\vc\include\string.h(110) : see declaration of 'strcat'
     1>c:\users\shushanto\documents\visual studio 2010\projects\final\final\add.h(60): warning C4996: 'strcat': This function or variable may be unsafe. Consider using strcat_s instead. To disable deprecation, use _CRT_SECURE_NO_WARNINGS. See online help for details.
                 c:\program files (x86)\microsoft visual studio 10.0\vc\include\string.h(110) : see declaration of 'strcat'
     1>c:\users\shushanto\documents\visual studio 2010\projects\final\final\add.h(61): warning C4996: 'strcat': This function or variable may be unsafe. Consider using strcat_s instead. To disable deprecation, use _CRT_SECURE_NO_WARNINGS. See online help for details.
                 c:\program files (x86)\microsoft visual studio 10.0\vc\include\string.h(110) : see declaration of 'strcat'
     1>c:\users\shushanto\documents\visual studio 2010\projects\final\final\add.h(119): warning C4244: '=' : conversion from 'double' to 'float', possible loss of data
     1>c:\users\shushanto\documents\visual studio 2010\projects\final\final\add.h(120): warning C4244: '=' : conversion from 'double' to 'float', possible loss of data
     1>c:\users\shushanto\documents\visual studio 2010\projects\final\final\add.h(121): warning C4244: '=' : conversion from 'double' to 'float', possible loss of data
     1>c:\users\shushanto\documents\visual studio 2010\projects\final\final\add.h(125): warning C4996: 'gcvt': The POSIX name for this item is deprecated. Instead, use the ISO C++ conformant name: _gcvt. See online help for details.
                 c:\program files (x86)\microsoft visual studio 10.0\vc\include\stdlib.h(866) : see declaration of 'gcvt'
     1>c:\users\shushanto\documents\visual studio 2010\projects\final\final\add.h(86): warning C4101: 'key' : unreferenced local variable
     1>c:\users\shushanto\documents\visual studio 2010\projects\final\final\add.h(87): warning C4101: 'sadd' : unreferenced local variable
     1>c:\users\shushanto\documents\visual studio 2010\projects\final\final\add.h(177): warning C4996: 'strcpy': This function or variable may be unsafe. Consider using strcpy_s instead. To disable deprecation, use _CRT_SECURE_NO_WARNINGS. See online help for details.
                 c:\program files (x86)\microsoft visual studio 10.0\vc\include\string.h(105) : see declaration of 'strcpy'
     1>c:\users\shushanto\documents\visual studio 2010\projects\final\final\add.h(154): warning C4101: 'count' : unreferenced local variable
     1>c:\users\shushanto\documents\visual studio 2010\projects\final\final\add.h(154): warning C4101: 'price' : unreferenced local variable
     1>c:\users\shushanto\documents\visual studio 2010\projects\final\final\add.h(154): warning C4101: 'key' : unreferenced local variable
     1>c:\users\shushanto\documents\visual studio 2010\projects\final\final\add.h(154): warning C4101: 'seg' : unreferenced local variable
     1>c:\users\shushanto\documents\visual studio 2010\projects\final\final\add.h(154): warning C4101: 'name' : unreferenced local variable
     1>c:\users\shushanto\documents\visual studio 2010\projects\final\final\add.h(154): warning C4101: 'ItemNo' : unreferenced local variable
     1>c:\users\shushanto\documents\visual studio 2010\projects\final\final\add.h(222): warning C4244: '=' : conversion from 'int' to 'float', possible loss of data
     1>c:\users\shushanto\documents\visual studio 2010\projects\final\final\add.h(224): warning C4244: 'argument' : conversion from 'float' to 'int', possible loss of data
     1>c:\users\shushanto\documents\visual studio 2010\projects\final\final\add.h(224): warning C4996: 'itoa': The POSIX name for this item is deprecated. Instead, use the ISO C++ conformant name: _itoa. See online help for details.
                 c:\program files (x86)\microsoft visual studio 10.0\vc\include\stdlib.h(867) : see declaration of 'itoa'
     1>c:\users\shushanto\documents\visual studio 2010\projects\final\final\add.h(271): warning C4996: 'strcpy': This function or variable may be unsafe. Consider using strcpy_s instead. To disable deprecation, use _CRT_SECURE_NO_WARNINGS. See online help for details.
                 c:\program files (x86)\microsoft visual studio 10.0\vc\include\string.h(105) : see declaration of 'strcpy'
     1>c:\users\shushanto\documents\visual studio 2010\projects\final\final\add.h(272): warning C4996: 'strcpy': This function or variable may be unsafe. Consider using strcpy_s instead. To disable deprecation, use _CRT_SECURE_NO_WARNINGS. See online help for details.
                 c:\program files (x86)\microsoft visual studio 10.0\vc\include\string.h(105) : see declaration of 'strcpy'
     1>c:\users\shushanto\documents\visual studio 2010\projects\final\final\add.h(320): warning C4996: 'strcpy': This function or variable may be unsafe. Consider using strcpy_s instead. To disable deprecation, use _CRT_SECURE_NO_WARNINGS. See online help for details.
                 c:\program files (x86)\microsoft visual studio 10.0\vc\include\string.h(105) : see declaration of 'strcpy'
     1>c:\users\shushanto\documents\visual studio 2010\projects\final\final\add.h(321): warning C4996: 'strcpy': This function or variable may be unsafe. Consider using strcpy_s instead. To disable deprecation, use _CRT_SECURE_NO_WARNINGS. See online help for details.
                 c:\program files (x86)\microsoft visual studio 10.0\vc\include\string.h(105) : see declaration of 'strcpy'
     1>c:\users\shushanto\documents\visual studio 2010\projects\final\final\mod_mdlg.cpp(73): warning C4996: 'strcpy': This function or variable may be unsafe. Consider using strcpy_s instead. To disable deprecation, use _CRT_SECURE_NO_WARNINGS. See online help for details.
                 c:\program files (x86)\microsoft visual studio 10.0\vc\include\string.h(105) : see declaration of 'strcpy'
     1>c:\users\shushanto\documents\visual studio 2010\projects\final\final\mod_mdlg.cpp(74): warning C4996: 'strcpy': This function or variable may be unsafe. Consider using strcpy_s instead. To disable deprecation, use _CRT_SECURE_NO_WARNINGS. See online help for details.
                 c:\program files (x86)\microsoft visual studio 10.0\vc\include\string.h(105) : see declaration of 'strcpy'
         Generating Code...
         Skipping... (no relevant changes detected)
         finalDlg.cpp
         final.cpp
         View_MNew.cpp
         NewView.cpp
         MainDlg.cpp
         Inventory.cpp
       ResourceCompile:
         All outputs are up-to-date.
       ManifestResourceCompile:
         All outputs are up-to-date.
       Link:
         C:\Program Files (x86)\Microsoft Visual Studio 10.0\VC\bin\link.exe /ERRORREPORT:PROMPT /OUT:"C:\Users\shushanto\documents\visual studio 2010\Projects\final\Debug\final.exe" /INCREMENTAL /NOLOGO /MANIFEST /ManifestFile:"Debug\final.exe.intermediate.manifest" /MANIFESTUAC:"level='asInvoker' uiAccess='false'" /DEBUG /PDB:"C:\Users\shushanto\documents\visual studio 2010\Projects\final\Debug\final.pdb" /SUBSYSTEM:WINDOWS /TLBID:1 /ENTRY:"wWinMainCRTStartup" /DYNAMICBASE /NXCOMPAT /IMPLIB:"C:\Users\shushanto\documents\visual studio 2010\Projects\final\Debug\final.lib" /MACHINE:X86 Debug\final.res
         Debug\final.exe.embed.manifest.res
         Debug\add_mDlg.obj
         Debug\final.obj
         Debug\finalDlg.obj
         Debug\Inventory.obj
         Debug\MainDlg.obj
         Debug\Mod_MDlg.obj
         Debug\NewSes.obj
         Debug\NewView.obj
         Debug\rem_mDlg.obj
         Debug\stdafx.obj
         Debug\View_MNew.obj /FORCE:MULTIPLE 
     1>LINK : warning LNK4075: ignoring '/INCREMENTAL' due to '/FORCE' specification
     1>Mod_MDlg.obj : warning LNK4006: "public: int __thiscall Bill::add_M(class Bill &)" (?add_M@Bill@@QAEHAAV1@@Z) already defined in add_mDlg.obj; second definition ignored
     1>Mod_MDlg.obj : warning LNK4006: "public: int __thiscall Bill::add(class Bill &)" (?add@Bill@@QAEHAAV1@@Z) already defined in add_mDlg.obj; second definition ignored
     1>Mod_MDlg.obj : warning LNK4006: "public: int __thiscall Bill::upd_M(class Bill &)" (?upd_M@Bill@@QAEHAAV1@@Z) already defined in add_mDlg.obj; second definition ignored
     1>Mod_MDlg.obj : warning LNK4006: "public: void __thiscall Bill::upd_MRed(char *,int)" (?upd_MRed@Bill@@QAEXPADH@Z) already defined in add_mDlg.obj; second definition ignored
     1>Mod_MDlg.obj : warning LNK4006: "public: int __thiscall Bill::del(class Bill &)" (?del@Bill@@QAEHAAV1@@Z) already defined in add_mDlg.obj; second definition ignored
     1>Mod_MDlg.obj : warning LNK4006: "public: int __thiscall Bill::del_M(class Bill &)" (?del_M@Bill@@QAEHAAV1@@Z) already defined in add_mDlg.obj; second definition ignored
     1>Mod_MDlg.obj : warning LNK4006: "int nor" (?nor@@3HA) already defined in add_mDlg.obj; second definition ignored
     1>Mod_MDlg.obj : warning LNK4006: "int mor" (?mor@@3HA) already defined in add_mDlg.obj; second definition ignored
     1>NewSes.obj : warning LNK4006: "public: int __thiscall Bill::add_M(class Bill &)" (?add_M@Bill@@QAEHAAV1@@Z) already defined in add_mDlg.obj; second definition ignored
     1>NewSes.obj : warning LNK4006: "public: int __thiscall Bill::add(class Bill &)" (?add@Bill@@QAEHAAV1@@Z) already defined in add_mDlg.obj; second definition ignored
     1>NewSes.obj : warning LNK4006: "public: int __thiscall Bill::upd_M(class Bill &)" (?upd_M@Bill@@QAEHAAV1@@Z) already defined in add_mDlg.obj; second definition ignored
     1>NewSes.obj : warning LNK4006: "public: void __thiscall Bill::upd_MRed(char *,int)" (?upd_MRed@Bill@@QAEXPADH@Z) already defined in add_mDlg.obj; second definition ignored
     1>NewSes.obj : warning LNK4006: "public: int __thiscall Bill::del(class Bill &)" (?del@Bill@@QAEHAAV1@@Z) already defined in add_mDlg.obj; second definition ignored
     1>NewSes.obj : warning LNK4006: "public: int __thiscall Bill::del_M(class Bill &)" (?del_M@Bill@@QAEHAAV1@@Z) already defined in add_mDlg.obj; second definition ignored
     1>NewSes.obj : warning LNK4006: "int nor" (?nor@@3HA) already defined in add_mDlg.obj; second definition ignored
     1>NewSes.obj : warning LNK4006: "int mor" (?mor@@3HA) already defined in add_mDlg.obj; second definition ignored
     1>NewView.obj : warning LNK4006: "int nor" (?nor@@3HA) already defined in add_mDlg.obj; second definition ignored
     1>NewView.obj : warning LNK4006: "int mor" (?mor@@3HA) already defined in add_mDlg.obj; second definition ignored
     1>rem_mDlg.obj : warning LNK4006: "public: int __thiscall Bill::add_M(class Bill &)" (?add_M@Bill@@QAEHAAV1@@Z) already defined in add_mDlg.obj; second definition ignored
     1>rem_mDlg.obj : warning LNK4006: "public: int __thiscall Bill::add(class Bill &)" (?add@Bill@@QAEHAAV1@@Z) already defined in add_mDlg.obj; second definition ignored
     1>rem_mDlg.obj : warning LNK4006: "public: int __thiscall Bill::upd_M(class Bill &)" (?upd_M@Bill@@QAEHAAV1@@Z) already defined in add_mDlg.obj; second definition ignored
     1>rem_mDlg.obj : warning LNK4006: "public: void __thiscall Bill::upd_MRed(char *,int)" (?upd_MRed@Bill@@QAEXPADH@Z) already defined in add_mDlg.obj; second definition ignored
     1>rem_mDlg.obj : warning LNK4006: "public: int __thiscall Bill::del(class Bill &)" (?del@Bill@@QAEHAAV1@@Z) already defined in add_mDlg.obj; second definition ignored
     1>rem_mDlg.obj : warning LNK4006: "public: int __thiscall Bill::del_M(class Bill &)" (?del_M@Bill@@QAEHAAV1@@Z) already defined in add_mDlg.obj; second definition ignored
     1>rem_mDlg.obj : warning LNK4006: "int nor" (?nor@@3HA) already defined in add_mDlg.obj; second definition ignored
     1>rem_mDlg.obj : warning LNK4006: "int mor" (?mor@@3HA) already defined in add_mDlg.obj; second definition ignored
     1>View_MNew.obj : warning LNK4006: "public: void __thiscall Bill::unpack_M(int)" (?unpack_M@Bill@@QAEXH@Z) already defined in NewView.obj; second definition ignored
     1>View_MNew.obj : warning LNK4006: "public: void __thiscall Bill::unpack(int)" (?unpack@Bill@@QAEXH@Z) already defined in NewView.obj; second definition ignored
     1>View_MNew.obj : warning LNK4006: "char * __cdecl disp_M(void)" (?disp_M@@YAPADXZ) already defined in NewView.obj; second definition ignored
     1>View_MNew.obj : warning LNK4006: "char * __cdecl disp(void)" (?disp@@YAPADXZ) already defined in NewView.obj; second definition ignored
     1>View_MNew.obj : warning LNK4006: "int nor" (?nor@@3HA) already defined in add_mDlg.obj; second definition ignored
     1>View_MNew.obj : warning LNK4006: "int mor" (?mor@@3HA) already defined in add_mDlg.obj; second definition ignored
     1>C:\Users\shushanto\documents\visual studio 2010\Projects\final\Debug\final.exe : warning LNK4088: image being generated due to /FORCE option; image may not run
       Manifest:
         C:\Program Files (x86)\Microsoft SDKs\Windows\v7.0A\bin\mt.exe /nologo /verbose /out:"Debug\final.exe.embed.manifest" /manifest Debug\final.exe.intermediate.manifest "C:\Program Files (x86)\Microsoft Visual Studio 10.0\VC\Include\Manifest\dpiaware.manifest"
         All outputs are up-to-date.
       LinkEmbedManifest:
         All outputs are up-to-date.
         final.vcxproj -> C:\Users\shushanto\documents\visual studio 2010\Projects\final\Debug\final.exe
       FinalizeBuildStatus:
         Deleting file "Debug\final.unsuccessfulbuild".
         Touching "Debug\final.lastbuildstate".
     1>Done Building Project "C:\Users\shushanto\documents\visual studio 2010\Projects\final\final\final.vcxproj" (build target(s)).

Build succeeded.

Time Elapsed 00:00:58.28
